<?xml version="1.0" encoding="UTF-8"?>
<!-- Generated by org.testng.reporters.JUnitXMLReporter -->
<testsuite hostname="AliaksandrDryschyts" ignored="0" name="login test" tests="36" failures="0" timestamp="2020-02-21T11:13:05 MSK" time="126.658" errors="0">
  <testcase name="registrationStepOneTest" time="10.437" classname="by.stormnet.web.RegistrationFrontTest"/>
  <testcase name="registrationStepTwoTest" time="2.926" classname="by.stormnet.web.RegistrationFrontTest"/>
  <testcase name="registrationStepTwoThree" time="3.625" classname="by.stormnet.web.RegistrationFrontTest"/>
  <testcase name="registrationStepTwoFour" time="3.796" classname="by.stormnet.web.RegistrationFrontTest"/>
  <testcase name="registrationStepOne" time="1.727" classname="api.ApiTest"/>
  <testcase name="registrationStepTwo" time="0.422" classname="api.ApiTest"/>
  <testcase name="registrationStepThree" time="2.813" classname="api.ApiTest"/>
  <testcase name="registrationStepFour" time="2.172" classname="api.ApiTest"/>
  <testcase name="approvalLoanOne" time="5.947" classname="by.stormnet.web.LoanTest"/>
  <testcase name="approvalLoanTwo" time="6.252" classname="by.stormnet.web.LoanTest"/>
  <testcase name="approvalLoanClient" time="3.84" classname="by.stormnet.web.LoanTest"/>
  <testcase name="approvalLoanClient" time="3.272" classname="by.stormnet.web.LoanTest"/>
  <testcase name="giveOutLoan" time="3.313" classname="by.stormnet.web.LoanTest"/>
  <testcase name="addCommenFromLoan" time="1.243" classname="by.stormnet.web.LoanTest"/>
  <testcase name="changeLoanDate" time="1.394" classname="by.stormnet.web.LoanTest"/>
  <testcase name="incameTest" time="2.931" classname="by.stormnet.web.LoanTest"/>
  <testcase name="incameTest" time="3.573" classname="by.stormnet.web.LoanTest"/>
  <testcase name="incameTest" time="3.432" classname="by.stormnet.web.LoanTest"/>
  <testcase name="assigmentVerifier" time="5.874" classname="by.stormnet.web.LoanTest"/>
  <testcase name="stopCashFromLoan" time="1.975" classname="by.stormnet.web.LoanTest"/>
  <testcase name="returnCashFromLoan" time="1.293" classname="by.stormnet.web.LoanTest"/>
  <testcase name="makeOverdue" time="1.337" classname="by.stormnet.web.LoanTest"/>
  <testcase name="closeLoan" time="2.185" classname="by.stormnet.web.LoanTest"/>
  <testcase name="errorWorkingLoan" time="3.628" classname="by.stormnet.web.LoanTest"/>
  <testcase name="stopFromLoan" time="4.442" classname="by.stormnet.web.LoanTest"/>
  <testcase name="loanCollectionForSale" time="5.221" classname="by.stormnet.web.CollectionTest"/>
  <testcase name="loanCollectionForOutSource" time="5.559" classname="by.stormnet.web.CollectionTest"/>
  <testcase name="loanCollectionForLegalExpert" time="5.264" classname="by.stormnet.web.CollectionTest"/>
  <testcase name="assigmentCollector" time="4.582" classname="by.stormnet.web.CollectionTest"/>
  <testcase name="addCommentCollector" time="4.799" classname="by.stormnet.web.CollectionTest"/>
  <testcase name="addNewAdmin" time="2.595" classname="by.stormnet.web.SettingsTest"/>
  <testcase name="addAffilate" time="2.243" classname="by.stormnet.web.SettingsTest"/>
  <testcase name="addRemainder" time="2.196" classname="by.stormnet.web.SettingsTest"/>
  <testcase name="addMarketingSettings" time="5.426" classname="by.stormnet.web.SettingsTest"/>
  <testcase name="addRegion" time="2.319" classname="by.stormnet.web.SettingsTest"/>
  <testcase name="addCity" time="2.314" classname="by.stormnet.web.SettingsTest"/>
</testsuite> <!-- login test -->
